<?xml version="1.0" encoding="UTF-8"?>
<!-- Generated by org.testng.reporters.JUnitXMLReporter -->
<testsuite ignored="0" hostname="DESKTOP-A136ETG" failures="2" tests="17" name="Default test" time="55.899" errors="0" timestamp="2023-07-11T07:26:58 IST">
  <testcase classname="com.obsqura.TestNGFramework.Base" name="@BeforeMethod initialiseBrowser" time="1.657">
    <failure type="org.openqa.selenium.SessionNotCreatedException" message="Could not start a new session. Response code 500. Message: session not created
from no such execution context: uniqueContextId not found
  (Session info: chrome=114.0.5735.199) 
Host info: host: &amp;apos;DESKTOP-A136ETG&amp;apos;, ip: &amp;apos;192.168.212.32&amp;apos;
Build info: version: &amp;apos;4.9.1&amp;apos;, revision: &amp;apos;eb2032df7f&amp;apos;
System info: os.name: &amp;apos;Windows 10&amp;apos;, os.arch: &amp;apos;amd64&amp;apos;, os.version: &amp;apos;10.0&amp;apos;, java.version: &amp;apos;16.0.2&amp;apos;
Driver info: org.openqa.selenium.chrome.ChromeDriver
Command: [null, newSession {capabilities=[Capabilities {browserName: chrome, goog:chromeOptions: {args: [--remote-allow-origins=*], extensions: []}}]}]">
      <![CDATA[org.openqa.selenium.SessionNotCreatedException: Could not start a new session. Response code 500. Message: session not created
from no such execution context: uniqueContextId not found
  (Session info: chrome=114.0.5735.199) 
Host info: host: 'DESKTOP-A136ETG', ip: '192.168.212.32'
Build info: version: '4.9.1', revision: 'eb2032df7f'
System info: os.name: 'Windows 10', os.arch: 'amd64', os.version: '10.0', java.version: '16.0.2'
Driver info: org.openqa.selenium.chrome.ChromeDriver
Command: [null, newSession {capabilities=[Capabilities {browserName: chrome, goog:chromeOptions: {args: [--remote-allow-origins=*], extensions: []}}]}]
at org.openqa.selenium.remote.ProtocolHandshake.createSession(ProtocolHandshake.java:136)
at org.openqa.selenium.remote.ProtocolHandshake.createSession(ProtocolHandshake.java:94)
at org.openqa.selenium.remote.ProtocolHandshake.createSession(ProtocolHandshake.java:68)
at org.openqa.selenium.remote.HttpCommandExecutor.execute(HttpCommandExecutor.java:165)
at org.openqa.selenium.remote.service.DriverCommandExecutor.invokeExecute(DriverCommandExecutor.java:183)
at org.openqa.selenium.remote.service.DriverCommandExecutor.execute(DriverCommandExecutor.java:158)
at org.openqa.selenium.remote.RemoteWebDriver.execute(RemoteWebDriver.java:543)
at org.openqa.selenium.remote.RemoteWebDriver.startSession(RemoteWebDriver.java:229)
at org.openqa.selenium.remote.RemoteWebDriver.<init>(RemoteWebDriver.java:157)
at org.openqa.selenium.chromium.ChromiumDriver.<init>(ChromiumDriver.java:101)
at org.openqa.selenium.chrome.ChromeDriver.<init>(ChromeDriver.java:88)
at org.openqa.selenium.chrome.ChromeDriver.<init>(ChromeDriver.java:84)
at org.openqa.selenium.chrome.ChromeDriver.<init>(ChromeDriver.java:52)
at com.obsqura.TestNGFramework.Base.initialiseBrowser(Base.java:19)
at java.base/jdk.internal.reflect.NativeMethodAccessorImpl.invoke0(Native Method)
at java.base/jdk.internal.reflect.NativeMethodAccessorImpl.invoke(NativeMethodAccessorImpl.java:78)
at java.base/jdk.internal.reflect.DelegatingMethodAccessorImpl.invoke(DelegatingMethodAccessorImpl.java:43)
at java.base/java.lang.reflect.Method.invoke(Method.java:567)
at org.testng.internal.invokers.MethodInvocationHelper.invokeMethod(MethodInvocationHelper.java:135)
at org.testng.internal.invokers.MethodInvocationHelper.invokeMethodConsideringTimeout(MethodInvocationHelper.java:65)
at org.testng.internal.invokers.ConfigInvoker.invokeConfigurationMethod(ConfigInvoker.java:381)
at org.testng.internal.invokers.ConfigInvoker.invokeConfigurations(ConfigInvoker.java:319)
at org.testng.internal.invokers.TestInvoker.runConfigMethods(TestInvoker.java:803)
at org.testng.internal.invokers.TestInvoker.invokeMethod(TestInvoker.java:589)
at org.testng.internal.invokers.TestInvoker.invokeTestMethod(TestInvoker.java:220)
at org.testng.internal.invokers.MethodRunner.runInSequence(MethodRunner.java:50)
at org.testng.internal.invokers.TestInvoker$MethodInvocationAgent.invoke(TestInvoker.java:945)
at org.testng.internal.invokers.TestInvoker.invokeTestMethods(TestInvoker.java:193)
at org.testng.internal.invokers.TestMethodWorker.invokeTestMethods(TestMethodWorker.java:146)
at org.testng.internal.invokers.TestMethodWorker.run(TestMethodWorker.java:128)
at java.base/java.util.ArrayList.forEach(ArrayList.java:1511)
at org.testng.TestRunner.privateRun(TestRunner.java:808)
at org.testng.TestRunner.run(TestRunner.java:603)
at org.testng.SuiteRunner.runTest(SuiteRunner.java:429)
at org.testng.SuiteRunner.runSequentially(SuiteRunner.java:423)
at org.testng.SuiteRunner.privateRun(SuiteRunner.java:383)
at org.testng.SuiteRunner.run(SuiteRunner.java:326)
at org.testng.SuiteRunnerWorker.runSuite(SuiteRunnerWorker.java:52)
at org.testng.SuiteRunnerWorker.run(SuiteRunnerWorker.java:95)
at org.testng.TestNG.runSuitesSequentially(TestNG.java:1249)
at org.testng.TestNG.runSuitesLocally(TestNG.java:1169)
at org.testng.TestNG.runSuites(TestNG.java:1092)
at org.testng.TestNG.run(TestNG.java:1060)
at org.testng.remote.AbstractRemoteTestNG.run(AbstractRemoteTestNG.java:115)
at org.testng.remote.RemoteTestNG.initAndRun(RemoteTestNG.java:251)
at org.testng.remote.RemoteTestNG.main(RemoteTestNG.java:77)
]]>
    </failure>
  </testcase> <!-- @BeforeMethod initialiseBrowser -->
  <testcase classname="com.obsqura.TestNGFramework.Base" name="@AfterMethod browserCloseorQuit" time="0.0">
    <skipped/>
  </testcase> <!-- @AfterMethod browserCloseorQuit -->
  <testcase classname="com.obsqura.TestNGFramework.Base" name="@BeforeMethod initialiseBrowser" time="0.0">
    <skipped/>
  </testcase> <!-- @BeforeMethod initialiseBrowser -->
  <testcase classname="com.obsqura.TestNGFramework.Base" name="@AfterMethod browserCloseorQuit" time="0.0">
    <skipped/>
  </testcase> <!-- @AfterMethod browserCloseorQuit -->
  <testcase classname="com.obsqura.TestNGFramework.Base" name="@BeforeMethod initialiseBrowser" time="0.0">
    <skipped/>
  </testcase> <!-- @BeforeMethod initialiseBrowser -->
  <testcase classname="com.obsqura.TestNGFramework.Base" name="@AfterMethod browserCloseorQuit" time="0.0">
    <skipped/>
  </testcase> <!-- @AfterMethod browserCloseorQuit -->
  <testcase classname="com.obsqura.TestNGFramework.Base" name="@BeforeMethod initialiseBrowser" time="0.0">
    <skipped/>
  </testcase> <!-- @BeforeMethod initialiseBrowser -->
  <testcase classname="com.obsqura.TestNGFramework.Base" name="@AfterMethod browserCloseorQuit" time="0.0">
    <skipped/>
  </testcase> <!-- @AfterMethod browserCloseorQuit -->
  <testcase classname="com.obsqura.TestNGFramework.Base" name="@BeforeMethod initialiseBrowser" time="0.0">
    <skipped/>
  </testcase> <!-- @BeforeMethod initialiseBrowser -->
  <testcase classname="com.obsqura.TestNGFramework.Base" name="@AfterMethod browserCloseorQuit" time="0.0">
    <skipped/>
  </testcase> <!-- @AfterMethod browserCloseorQuit -->
  <testcase classname="com.obsqura.TestNGFramework.Base" name="@BeforeMethod initialiseBrowser" time="0.0">
    <skipped/>
  </testcase> <!-- @BeforeMethod initialiseBrowser -->
  <testcase classname="com.obsqura.TestNGFramework.Base" name="@AfterMethod browserCloseorQuit" time="0.0">
    <skipped/>
  </testcase> <!-- @AfterMethod browserCloseorQuit -->
  <testcase classname="com.obsqura.TestNGFramework.Base" name="@BeforeMethod initialiseBrowser" time="0.0">
    <skipped/>
  </testcase> <!-- @BeforeMethod initialiseBrowser -->
  <testcase classname="com.obsqura.TestNGFramework.Base" name="@AfterMethod browserCloseorQuit" time="0.0">
    <skipped/>
  </testcase> <!-- @AfterMethod browserCloseorQuit -->
  <testcase classname="com.obsqura.TestNGFramework.Base" name="@BeforeMethod initialiseBrowser" time="0.0">
    <skipped/>
  </testcase> <!-- @BeforeMethod initialiseBrowser -->
  <testcase classname="com.obsqura.TestNGFramework.Base" name="@AfterMethod browserCloseorQuit" time="0.0">
    <skipped/>
  </testcase> <!-- @AfterMethod browserCloseorQuit -->
  <testcase classname="com.obsqura.TestNGFramework.Base" name="@BeforeMethod initialiseBrowser" time="0.0">
    <skipped/>
  </testcase> <!-- @BeforeMethod initialiseBrowser -->
  <testcase classname="com.obsqura.TestNGFramework.Base" name="@AfterMethod browserCloseorQuit" time="0.0">
    <skipped/>
  </testcase> <!-- @AfterMethod browserCloseorQuit -->
  <testcase classname="com.obsqura.TestNGFramework.Assertion" name="amazoneWordShouldNotBeinObsquraSite" time="0.047"/>
  <testcase classname="com.obsqura.TestNGFramework.Assertion" name="asserNotNullSample" time="0.003"/>
  <testcase classname="com.obsqura.TestNGFramework.Assertion" name="asserNullSample" time="0.004"/>
  <testcase classname="com.obsqura.TestNGFramework.Assertion" name="assertFalseSample" time="0.01"/>
  <testcase classname="com.obsqura.TestNGFramework.Assertion" name="assertTrueSample" time="0.007"/>
  <testcase classname="com.obsqura.TestNGFramework.Assertion" name="softAssert" time="0.009">
    <failure type="java.lang.AssertionError" message="The following asserts failed:
	Value is not null expected [null] but found [123]">
      <![CDATA[java.lang.AssertionError: The following asserts failed:
Value is not null expected [null] but found [123]
at org.testng.asserts.SoftAssert.assertAll(SoftAssert.java:46)
at org.testng.asserts.SoftAssert.assertAll(SoftAssert.java:30)
at com.obsqura.TestNGFramework.Assertion.softAssert(Assertion.java:139)
at java.base/jdk.internal.reflect.NativeMethodAccessorImpl.invoke0(Native Method)
at java.base/jdk.internal.reflect.NativeMethodAccessorImpl.invoke(NativeMethodAccessorImpl.java:78)
at java.base/jdk.internal.reflect.DelegatingMethodAccessorImpl.invoke(DelegatingMethodAccessorImpl.java:43)
at java.base/java.lang.reflect.Method.invoke(Method.java:567)
at org.testng.internal.invokers.MethodInvocationHelper.invokeMethod(MethodInvocationHelper.java:135)
at org.testng.internal.invokers.TestInvoker.invokeMethod(TestInvoker.java:673)
at org.testng.internal.invokers.TestInvoker.invokeTestMethod(TestInvoker.java:220)
at org.testng.internal.invokers.MethodRunner.runInSequence(MethodRunner.java:50)
at org.testng.internal.invokers.TestInvoker$MethodInvocationAgent.invoke(TestInvoker.java:945)
at org.testng.internal.invokers.TestInvoker.invokeTestMethods(TestInvoker.java:193)
at org.testng.internal.invokers.TestMethodWorker.invokeTestMethods(TestMethodWorker.java:146)
at org.testng.internal.invokers.TestMethodWorker.run(TestMethodWorker.java:128)
at java.base/java.util.ArrayList.forEach(ArrayList.java:1511)
at org.testng.TestRunner.privateRun(TestRunner.java:808)
at org.testng.TestRunner.run(TestRunner.java:603)
at org.testng.SuiteRunner.runTest(SuiteRunner.java:429)
at org.testng.SuiteRunner.runSequentially(SuiteRunner.java:423)
at org.testng.SuiteRunner.privateRun(SuiteRunner.java:383)
at org.testng.SuiteRunner.run(SuiteRunner.java:326)
at org.testng.SuiteRunnerWorker.runSuite(SuiteRunnerWorker.java:52)
at org.testng.SuiteRunnerWorker.run(SuiteRunnerWorker.java:95)
at org.testng.TestNG.runSuitesSequentially(TestNG.java:1249)
at org.testng.TestNG.runSuitesLocally(TestNG.java:1169)
at org.testng.TestNG.runSuites(TestNG.java:1092)
at org.testng.TestNG.run(TestNG.java:1060)
at org.testng.remote.AbstractRemoteTestNG.run(AbstractRemoteTestNG.java:115)
at org.testng.remote.RemoteTestNG.initAndRun(RemoteTestNG.java:251)
at org.testng.remote.RemoteTestNG.main(RemoteTestNG.java:77)
]]>
    </failure>
  </testcase> <!-- softAssert -->
  <testcase classname="com.obsqura.TestNGFramework.Assertion" name="verifyBackgroundColorofShowMessageButton" time="0.154"/>
  <testcase classname="com.obsqura.TestNGFramework.Assertion" name="verifyButtonColorBackGroundColorAndFontWeightofShowMessageButton" time="0.094">
    <failure type="java.lang.AssertionError" message="The following asserts failed:
	Value is not null expected [null] but found [123]">
      <![CDATA[java.lang.AssertionError: The following asserts failed:
Value is not null expected [null] but found [123]
at org.testng.asserts.SoftAssert.assertAll(SoftAssert.java:46)
at org.testng.asserts.SoftAssert.assertAll(SoftAssert.java:30)
at com.obsqura.TestNGFramework.Assertion.verifyButtonColorBackGroundColorAndFontWeightofShowMessageButton(Assertion.java:156)
at java.base/jdk.internal.reflect.NativeMethodAccessorImpl.invoke0(Native Method)
at java.base/jdk.internal.reflect.NativeMethodAccessorImpl.invoke(NativeMethodAccessorImpl.java:78)
at java.base/jdk.internal.reflect.DelegatingMethodAccessorImpl.invoke(DelegatingMethodAccessorImpl.java:43)
at java.base/java.lang.reflect.Method.invoke(Method.java:567)
at org.testng.internal.invokers.MethodInvocationHelper.invokeMethod(MethodInvocationHelper.java:135)
at org.testng.internal.invokers.TestInvoker.invokeMethod(TestInvoker.java:673)
at org.testng.internal.invokers.TestInvoker.invokeTestMethod(TestInvoker.java:220)
at org.testng.internal.invokers.MethodRunner.runInSequence(MethodRunner.java:50)
at org.testng.internal.invokers.TestInvoker$MethodInvocationAgent.invoke(TestInvoker.java:945)
at org.testng.internal.invokers.TestInvoker.invokeTestMethods(TestInvoker.java:193)
at org.testng.internal.invokers.TestMethodWorker.invokeTestMethods(TestMethodWorker.java:146)
at org.testng.internal.invokers.TestMethodWorker.run(TestMethodWorker.java:128)
at java.base/java.util.ArrayList.forEach(ArrayList.java:1511)
at org.testng.TestRunner.privateRun(TestRunner.java:808)
at org.testng.TestRunner.run(TestRunner.java:603)
at org.testng.SuiteRunner.runTest(SuiteRunner.java:429)
at org.testng.SuiteRunner.runSequentially(SuiteRunner.java:423)
at org.testng.SuiteRunner.privateRun(SuiteRunner.java:383)
at org.testng.SuiteRunner.run(SuiteRunner.java:326)
at org.testng.SuiteRunnerWorker.runSuite(SuiteRunnerWorker.java:52)
at org.testng.SuiteRunnerWorker.run(SuiteRunnerWorker.java:95)
at org.testng.TestNG.runSuitesSequentially(TestNG.java:1249)
at org.testng.TestNG.runSuitesLocally(TestNG.java:1169)
at org.testng.TestNG.runSuites(TestNG.java:1092)
at org.testng.TestNG.run(TestNG.java:1060)
at org.testng.remote.AbstractRemoteTestNG.run(AbstractRemoteTestNG.java:115)
at org.testng.remote.RemoteTestNG.initAndRun(RemoteTestNG.java:251)
at org.testng.remote.RemoteTestNG.main(RemoteTestNG.java:77)
]]>
    </failure>
  </testcase> <!-- verifyButtonColorBackGroundColorAndFontWeightofShowMessageButton -->
  <testcase classname="com.obsqura.TestNGFramework.Assertion" name="verifyEnterValueBisAllignedBelowofEnterValueA" time="0.0">
    <skipped/>
  </testcase> <!-- verifyEnterValueBisAllignedBelowofEnterValueA -->
  <testcase classname="com.obsqura.TestNGFramework.Assertion" name="verifyGetTotalButtonIsEnabled" time="0.0">
    <skipped/>
  </testcase> <!-- verifyGetTotalButtonIsEnabled -->
  <testcase classname="com.obsqura.TestNGFramework.Assertion" name="verifyShowMessageButtonText" time="0.0">
    <skipped/>
  </testcase> <!-- verifyShowMessageButtonText -->
  <testcase classname="com.obsqura.TestNGFramework.Assertion" name="verifyShowMessageButtonisDisplayed" time="0.0">
    <skipped/>
  </testcase> <!-- verifyShowMessageButtonisDisplayed -->
  <testcase classname="com.obsqura.TestNGFramework.Assertion" name="verifySingleInputFieldWhenEnterDataOnTextFieldAndClcikOnShowMessageButton" time="0.0">
    <skipped/>
  </testcase> <!-- verifySingleInputFieldWhenEnterDataOnTextFieldAndClcikOnShowMessageButton -->
  <testcase classname="com.obsqura.TestNGFramework.Assertion" name="verifyTheColorOfShowMessageButton" time="0.0">
    <skipped/>
  </testcase> <!-- verifyTheColorOfShowMessageButton -->
  <testcase classname="com.obsqura.TestNGFramework.Assertion" name="verifyTheFontWeightofShowMessageButton" time="0.0">
    <skipped/>
  </testcase> <!-- verifyTheFontWeightofShowMessageButton -->
  <testcase classname="com.obsqura.TestNGFramework.Assertion" name="verifyTheHeightAndWidthofShowMessageButton" time="0.0">
    <skipped/>
  </testcase> <!-- verifyTheHeightAndWidthofShowMessageButton -->
  <testcase classname="com.obsqura.TestNGFramework.Assertion" name="verifyTwoInputFieldWhenValueEnterOnTextFieldAndClcikOnGetTotalButton" time="0.001">
    <skipped/>
  </testcase> <!-- verifyTwoInputFieldWhenValueEnterOnTextFieldAndClcikOnGetTotalButton -->
</testsuite> <!-- Default test -->
